<?xml version="1.0" encoding="UTF-8"?>
<!-- Generated by org.testng.reporters.JUnitReportReporter -->
<testsuite hostname="DESKTOP-9357BSF" failures="0" tests="7" name="cucumberOptions.TestNGRunner" time="0.138" errors="0" timestamp="2024-02-11T11:51:39 IST" skipped="0">
  <testcase classname="cucumberOptions.TestNGRunner" name="runScenario" time="0.009"/>
  <testcase classname="cucumberOptions.TestNGRunner" name="runScenario" time="0.008"/>
  <testcase classname="cucumberOptions.TestNGRunner" name="runScenario" time="0.010"/>
  <testcase classname="cucumberOptions.TestNGRunner" name="runScenario" time="0.024"/>
  <testcase classname="cucumberOptions.TestNGRunner" name="runScenario" time="0.010"/>
  <testcase classname="cucumberOptions.TestNGRunner" name="runScenario" time="0.008"/>
  <testcase classname="cucumberOptions.TestNGRunner" name="runScenario" time="0.069"/>
</testsuite> <!-- cucumberOptions.TestNGRunner -->
